Arguments: 
  C:\ruanjian\node-v12.19.1-win-x64\node.exe C:\Program Files (x86)\Yarn\bin\yarn.js

PATH: 
  C:\Program Files\Git\mingw64\bin;C:\Program Files\Git\usr\bin;C:\Users\Administrator\bin;C:\Windows\system32;C:\Windows;C:\Windows\System32\Wbem;C:\Windows\System32\WindowsPowerShell\v1.0;C:\Program Files\Git\cmd;C:\Program Files (x86)\Yarn\bin;C:\Program Files\TortoiseGit\bin;C:\Program Files\Git\usr\bin;C:\ruanjian\node-v12.19.1-win-x64;C:\Users\Administrator\AppData\Local\Microsoft\WindowsApps;C:\ruanjian\Microsoft VS Code\bin;C:\Users\Administrator\AppData\Roaming\npm;C:\Users\Administrator\AppData\Local\Yarn\bin;C:\Program Files\Git\usr\bin;C:\ruanjian\node-v12.19.1-win-x64

Yarn version: 
  1.21.1

Node version: 
  12.19.1

Platform: 
  win32 x64

Trace: 
  Error: ENOENT: no such file or directory, copyfile 'C:\Users\Administrator\AppData\Local\Yarn\Cache\v6\npm-universalify-1.0.0-b61a1da173e8435b2fe3c67d29b9adf8594bd16d-integrity\node_modules\universalify\index.js' -> 'I:\Studying\React\arctic-business-component\node_modules\@commitlint\read\node_modules\universalify\index.js'

npm manifest: 
  {
    "name": "arctic-business-component",
    "version": "1.0.0",
    "description": "",
    "main": "./lib/index.js",
    "module": "./lib/index.js",
    "scripts": {
      "doc": "styleguidist server --open",
      "build_doc": "styleguidist build",
      "build": "rimraf lib && cross-env NODE_ENV=production rollup -c",
      "build:watch": "rollup -c -w",
      "build:dev": "rollup -c",
      "commit": "git-cz",
      "config:dev": "node ./src/http/config dev"
    },
    "publishConfig": {
      "registry": "http://localhost:8080"
    },
    "keywords": [],
    "author": "",
    "license": "ISC",
    "devDependencies": {
      "@babel/core": "^7.12.3",
      "@babel/plugin-proposal-optional-chaining": "^7.12.7",
      "@babel/plugin-transform-runtime": "^7.12.1",
      "@babel/preset-env": "^7.12.1",
      "@babel/preset-react": "^7.12.5",
      "@babel/preset-typescript": "^7.12.1",
      "@commitlint/cli": "^11.0.0",
      "@commitlint/config-conventional": "^11.0.0",
      "@rollup/plugin-json": "^4.1.0",
      "@rollup/plugin-node-resolve": "10.0.0",
      "@types/react": "^16.9.56",
      "@typescript-eslint/parser": "^4.7.0",
      "@umijs/fabric": "^2.3.1",
      "antd": "4.8.6",
      "axios": "^0.21.0",
      "babel-loader": "^8.2.1",
      "babel-plugin-import": "^1.13.1",
      "commitizen": "^4.2.2",
      "cross-env": "^7.0.2",
      "css-loader": "^5.0.1",
      "cz-conventional-changelog": "^3.3.0",
      "husky": "^4.3.0",
      "less": "^3.12.2",
      "less-loader": "^7.1.0",
      "lint-staged": "^10.5.1",
      "lodash": "^4.17.20",
      "mockjs": "^1.1.0",
      "moment": "^2.29.1",
      "plop": "^2.7.4",
      "prettier": "^2.1.2",
      "react": "^16.13.1",
      "react-docgen-typescript": "^1.20.5",
      "react-dom": "^17.0.1",
      "react-styleguidist": "11.1.1",
      "rollup": "^2.33.3",
      "rollup-plugin-babel": "^4.4.0",
      "rollup-plugin-commonjs": "^10.1.0",
      "rollup-plugin-node-resolve": "^5.2.0",
      "rollup-plugin-postcss": "^3.1.8",
      "rollup-plugin-terser": "^7.0.2",
      "rollup-plugin-typescript": "^1.0.1",
      "style-loader": "^2.0.0",
      "typescript": "^4.0.5",
      "webpack": "^4.44.1"
    },
    "peerDependencies": {
      "antd": ">=4.8.6",
      "axios": ">-0.21.0",
      "react": ">=16.9.0",
      "react-dom": ">=16.9.0"
    },
    "husky": {
      "hooks": {
        "commit-msg": "commitlint -E HUSKY_GIT_PARAMS",
        "pre-commit": "lint-staged"
      }
    },
    "lint-staged": {
      "components/**/*.{js,ts}?(x)": [
        "prettier --write",
        "git add"
      ],
      "components/**/*.less": [
        "stylelint --syntax less --fix",
        "git add"
      ],
      "*.{js,css,md}": "prettier --write"
    },
    "browserslist": [
      "> 1%",
      "last 2 versions"
    ],
    "config": {
      "commitizen": {
        "path": "cz-conventional-changelog"
      }
    }
  }

yarn manifest: 
  No manifest

Lockfile: 
  No lockfile
